/!\ FAILSAFE /!\  Thu Apr 16 16:21:01 +0200 2009
  Status: 500 Internal Server Error
  Unknown database 'mailer_development'
    /Users/elfxf/.gem/ruby/1.8/gems/activerecord-2.3.2/lib/active_record/connection_adapters/mysql_adapter.rb:576:in `real_connect'
    /Users/elfxf/.gem/ruby/1.8/gems/activerecord-2.3.2/lib/active_record/connection_adapters/mysql_adapter.rb:576:in `connect'
    /Users/elfxf/.gem/ruby/1.8/gems/activerecord-2.3.2/lib/active_record/connection_adapters/mysql_adapter.rb:204:in `initialize'
    /Users/elfxf/.gem/ruby/1.8/gems/activerecord-2.3.2/lib/active_record/connection_adapters/mysql_adapter.rb:76:in `new'
    /Users/elfxf/.gem/ruby/1.8/gems/activerecord-2.3.2/lib/active_record/connection_adapters/mysql_adapter.rb:76:in `mysql_connection'
    /Users/elfxf/.gem/ruby/1.8/gems/activerecord-2.3.2/lib/active_record/connection_adapters/abstract/connection_pool.rb:223:in `send'
    /Users/elfxf/.gem/ruby/1.8/gems/activerecord-2.3.2/lib/active_record/connection_adapters/abstract/connection_pool.rb:223:in `new_connection'
    /Users/elfxf/.gem/ruby/1.8/gems/activerecord-2.3.2/lib/active_record/connection_adapters/abstract/connection_pool.rb:245:in `checkout_new_connection'
    /Users/elfxf/.gem/ruby/1.8/gems/activerecord-2.3.2/lib/active_record/connection_adapters/abstract/connection_pool.rb:188:in `checkout'
    /Users/elfxf/.gem/ruby/1.8/gems/activerecord-2.3.2/lib/active_record/connection_adapters/abstract/connection_pool.rb:184:in `loop'
    /Users/elfxf/.gem/ruby/1.8/gems/activerecord-2.3.2/lib/active_record/connection_adapters/abstract/connection_pool.rb:184:in `checkout'
    /System/Library/Frameworks/Ruby.framework/Versions/1.8/usr/lib/ruby/1.8/monitor.rb:242:in `synchronize'
    /Users/elfxf/.gem/ruby/1.8/gems/activerecord-2.3.2/lib/active_record/connection_adapters/abstract/connection_pool.rb:183:in `checkout'
    /Users/elfxf/.gem/ruby/1.8/gems/activerecord-2.3.2/lib/active_record/connection_adapters/abstract/connection_pool.rb:98:in `connection'
    /Users/elfxf/.gem/ruby/1.8/gems/activerecord-2.3.2/lib/active_record/connection_adapters/abstract/connection_pool.rb:326:in `retrieve_connection'
    /Users/elfxf/.gem/ruby/1.8/gems/activerecord-2.3.2/lib/active_record/connection_adapters/abstract/connection_specification.rb:123:in `retrieve_connection'
    /Users/elfxf/.gem/ruby/1.8/gems/activerecord-2.3.2/lib/active_record/connection_adapters/abstract/connection_specification.rb:115:in `connection'
    /Users/elfxf/.gem/ruby/1.8/gems/activerecord-2.3.2/lib/active_record/query_cache.rb:9:in `cache'
    /Users/elfxf/.gem/ruby/1.8/gems/activerecord-2.3.2/lib/active_record/query_cache.rb:28:in `call'
    /Users/elfxf/.gem/ruby/1.8/gems/activerecord-2.3.2/lib/active_record/connection_adapters/abstract/connection_pool.rb:361:in `call'
    /Users/elfxf/.gem/ruby/1.8/gems/actionpack-2.3.2/lib/action_controller/vendor/rack-1.0/rack/head.rb:9:in `call'
    /Users/elfxf/.gem/ruby/1.8/gems/actionpack-2.3.2/lib/action_controller/vendor/rack-1.0/rack/methodoverride.rb:24:in `call'
    /Users/elfxf/.gem/ruby/1.8/gems/actionpack-2.3.2/lib/action_controller/params_parser.rb:15:in `call'
    /Users/elfxf/.gem/ruby/1.8/gems/actionpack-2.3.2/lib/action_controller/rewindable_input.rb:25:in `call'
    /Users/elfxf/.gem/ruby/1.8/gems/actionpack-2.3.2/lib/action_controller/session/cookie_store.rb:93:in `call'
    /Users/elfxf/.gem/ruby/1.8/gems/actionpack-2.3.2/lib/action_controller/reloader.rb:9:in `call'
    /Users/elfxf/.gem/ruby/1.8/gems/actionpack-2.3.2/lib/action_controller/failsafe.rb:11:in `call'
    /Users/elfxf/.gem/ruby/1.8/gems/actionpack-2.3.2/lib/action_controller/vendor/rack-1.0/rack/lock.rb:11:in `call'
    /Users/elfxf/.gem/ruby/1.8/gems/actionpack-2.3.2/lib/action_controller/vendor/rack-1.0/rack/lock.rb:11:in `synchronize'
    /Users/elfxf/.gem/ruby/1.8/gems/actionpack-2.3.2/lib/action_controller/vendor/rack-1.0/rack/lock.rb:11:in `call'
    /Users/elfxf/.gem/ruby/1.8/gems/actionpack-2.3.2/lib/action_controller/dispatcher.rb:106:in `call'
    /Users/elfxf/.gem/ruby/1.8/gems/rails-2.3.2/lib/rails/rack/static.rb:31:in `call'
    /Users/elfxf/.gem/ruby/1.8/gems/actionpack-2.3.2/lib/action_controller/vendor/rack-1.0/rack/urlmap.rb:46:in `call'
    /Users/elfxf/.gem/ruby/1.8/gems/actionpack-2.3.2/lib/action_controller/vendor/rack-1.0/rack/urlmap.rb:40:in `each'
    /Users/elfxf/.gem/ruby/1.8/gems/actionpack-2.3.2/lib/action_controller/vendor/rack-1.0/rack/urlmap.rb:40:in `call'
    /Users/elfxf/.gem/ruby/1.8/gems/rails-2.3.2/lib/rails/rack/log_tailer.rb:17:in `call'
    /Users/elfxf/.gem/ruby/1.8/gems/actionpack-2.3.2/lib/action_controller/vendor/rack-1.0/rack/content_length.rb:13:in `call'
    /Users/elfxf/.gem/ruby/1.8/gems/actionpack-2.3.2/lib/action_controller/vendor/rack-1.0/rack/chunked.rb:15:in `call'
    /Users/elfxf/.gem/ruby/1.8/gems/actionpack-2.3.2/lib/action_controller/vendor/rack-1.0/rack/handler/mongrel.rb:61:in `process'
    /Library/Ruby/Gems/1.8/gems/mongrel-1.1.5/lib/mongrel.rb:159:in `process_client'
    /Library/Ruby/Gems/1.8/gems/mongrel-1.1.5/lib/mongrel.rb:158:in `each'
    /Library/Ruby/Gems/1.8/gems/mongrel-1.1.5/lib/mongrel.rb:158:in `process_client'
    /Library/Ruby/Gems/1.8/gems/mongrel-1.1.5/lib/mongrel.rb:285:in `run'
    /Library/Ruby/Gems/1.8/gems/mongrel-1.1.5/lib/mongrel.rb:285:in `initialize'
    /Library/Ruby/Gems/1.8/gems/mongrel-1.1.5/lib/mongrel.rb:285:in `new'
    /Library/Ruby/Gems/1.8/gems/mongrel-1.1.5/lib/mongrel.rb:285:in `run'
    /Library/Ruby/Gems/1.8/gems/mongrel-1.1.5/lib/mongrel.rb:268:in `initialize'
    /Library/Ruby/Gems/1.8/gems/mongrel-1.1.5/lib/mongrel.rb:268:in `new'
    /Library/Ruby/Gems/1.8/gems/mongrel-1.1.5/lib/mongrel.rb:268:in `run'
    /Users/elfxf/.gem/ruby/1.8/gems/actionpack-2.3.2/lib/action_controller/vendor/rack-1.0/rack/handler/mongrel.rb:34:in `run'
    /Users/elfxf/.gem/ruby/1.8/gems/rails-2.3.2/lib/commands/server.rb:111
    /Library/Ruby/Site/1.8/rubygems/custom_require.rb:31:in `gem_original_require'
    /Library/Ruby/Site/1.8/rubygems/custom_require.rb:31:in `require'
    script/server:3
/!\ FAILSAFE /!\  Thu Apr 16 16:21:02 +0200 2009
  Status: 500 Internal Server Error
  Unknown database 'mailer_development'
    /Users/elfxf/.gem/ruby/1.8/gems/activerecord-2.3.2/lib/active_record/connection_adapters/mysql_adapter.rb:576:in `real_connect'
    /Users/elfxf/.gem/ruby/1.8/gems/activerecord-2.3.2/lib/active_record/connection_adapters/mysql_adapter.rb:576:in `connect'
    /Users/elfxf/.gem/ruby/1.8/gems/activerecord-2.3.2/lib/active_record/connection_adapters/mysql_adapter.rb:204:in `initialize'
    /Users/elfxf/.gem/ruby/1.8/gems/activerecord-2.3.2/lib/active_record/connection_adapters/mysql_adapter.rb:76:in `new'
    /Users/elfxf/.gem/ruby/1.8/gems/activerecord-2.3.2/lib/active_record/connection_adapters/mysql_adapter.rb:76:in `mysql_connection'
    /Users/elfxf/.gem/ruby/1.8/gems/activerecord-2.3.2/lib/active_record/connection_adapters/abstract/connection_pool.rb:223:in `send'
    /Users/elfxf/.gem/ruby/1.8/gems/activerecord-2.3.2/lib/active_record/connection_adapters/abstract/connection_pool.rb:223:in `new_connection'
    /Users/elfxf/.gem/ruby/1.8/gems/activerecord-2.3.2/lib/active_record/connection_adapters/abstract/connection_pool.rb:245:in `checkout_new_connection'
    /Users/elfxf/.gem/ruby/1.8/gems/activerecord-2.3.2/lib/active_record/connection_adapters/abstract/connection_pool.rb:188:in `checkout'
    /Users/elfxf/.gem/ruby/1.8/gems/activerecord-2.3.2/lib/active_record/connection_adapters/abstract/connection_pool.rb:184:in `loop'
    /Users/elfxf/.gem/ruby/1.8/gems/activerecord-2.3.2/lib/active_record/connection_adapters/abstract/connection_pool.rb:184:in `checkout'
    /System/Library/Frameworks/Ruby.framework/Versions/1.8/usr/lib/ruby/1.8/monitor.rb:242:in `synchronize'
    /Users/elfxf/.gem/ruby/1.8/gems/activerecord-2.3.2/lib/active_record/connection_adapters/abstract/connection_pool.rb:183:in `checkout'
    /Users/elfxf/.gem/ruby/1.8/gems/activerecord-2.3.2/lib/active_record/connection_adapters/abstract/connection_pool.rb:98:in `connection'
    /Users/elfxf/.gem/ruby/1.8/gems/activerecord-2.3.2/lib/active_record/connection_adapters/abstract/connection_pool.rb:326:in `retrieve_connection'
    /Users/elfxf/.gem/ruby/1.8/gems/activerecord-2.3.2/lib/active_record/connection_adapters/abstract/connection_specification.rb:123:in `retrieve_connection'
    /Users/elfxf/.gem/ruby/1.8/gems/activerecord-2.3.2/lib/active_record/connection_adapters/abstract/connection_specification.rb:115:in `connection'
    /Users/elfxf/.gem/ruby/1.8/gems/activerecord-2.3.2/lib/active_record/query_cache.rb:9:in `cache'
    /Users/elfxf/.gem/ruby/1.8/gems/activerecord-2.3.2/lib/active_record/query_cache.rb:28:in `call'
    /Users/elfxf/.gem/ruby/1.8/gems/activerecord-2.3.2/lib/active_record/connection_adapters/abstract/connection_pool.rb:361:in `call'
    /Users/elfxf/.gem/ruby/1.8/gems/actionpack-2.3.2/lib/action_controller/vendor/rack-1.0/rack/head.rb:9:in `call'
    /Users/elfxf/.gem/ruby/1.8/gems/actionpack-2.3.2/lib/action_controller/vendor/rack-1.0/rack/methodoverride.rb:24:in `call'
    /Users/elfxf/.gem/ruby/1.8/gems/actionpack-2.3.2/lib/action_controller/params_parser.rb:15:in `call'
    /Users/elfxf/.gem/ruby/1.8/gems/actionpack-2.3.2/lib/action_controller/rewindable_input.rb:25:in `call'
    /Users/elfxf/.gem/ruby/1.8/gems/actionpack-2.3.2/lib/action_controller/session/cookie_store.rb:93:in `call'
    /Users/elfxf/.gem/ruby/1.8/gems/actionpack-2.3.2/lib/action_controller/reloader.rb:9:in `call'
    /Users/elfxf/.gem/ruby/1.8/gems/actionpack-2.3.2/lib/action_controller/failsafe.rb:11:in `call'
    /Users/elfxf/.gem/ruby/1.8/gems/actionpack-2.3.2/lib/action_controller/vendor/rack-1.0/rack/lock.rb:11:in `call'
    /Users/elfxf/.gem/ruby/1.8/gems/actionpack-2.3.2/lib/action_controller/vendor/rack-1.0/rack/lock.rb:11:in `synchronize'
    /Users/elfxf/.gem/ruby/1.8/gems/actionpack-2.3.2/lib/action_controller/vendor/rack-1.0/rack/lock.rb:11:in `call'
    /Users/elfxf/.gem/ruby/1.8/gems/actionpack-2.3.2/lib/action_controller/dispatcher.rb:106:in `call'
    /Users/elfxf/.gem/ruby/1.8/gems/rails-2.3.2/lib/rails/rack/static.rb:31:in `call'
    /Users/elfxf/.gem/ruby/1.8/gems/actionpack-2.3.2/lib/action_controller/vendor/rack-1.0/rack/urlmap.rb:46:in `call'
    /Users/elfxf/.gem/ruby/1.8/gems/actionpack-2.3.2/lib/action_controller/vendor/rack-1.0/rack/urlmap.rb:40:in `each'
    /Users/elfxf/.gem/ruby/1.8/gems/actionpack-2.3.2/lib/action_controller/vendor/rack-1.0/rack/urlmap.rb:40:in `call'
    /Users/elfxf/.gem/ruby/1.8/gems/rails-2.3.2/lib/rails/rack/log_tailer.rb:17:in `call'
    /Users/elfxf/.gem/ruby/1.8/gems/actionpack-2.3.2/lib/action_controller/vendor/rack-1.0/rack/content_length.rb:13:in `call'
    /Users/elfxf/.gem/ruby/1.8/gems/actionpack-2.3.2/lib/action_controller/vendor/rack-1.0/rack/chunked.rb:15:in `call'
    /Users/elfxf/.gem/ruby/1.8/gems/actionpack-2.3.2/lib/action_controller/vendor/rack-1.0/rack/handler/mongrel.rb:61:in `process'
    /Library/Ruby/Gems/1.8/gems/mongrel-1.1.5/lib/mongrel.rb:159:in `process_client'
    /Library/Ruby/Gems/1.8/gems/mongrel-1.1.5/lib/mongrel.rb:158:in `each'
    /Library/Ruby/Gems/1.8/gems/mongrel-1.1.5/lib/mongrel.rb:158:in `process_client'
    /Library/Ruby/Gems/1.8/gems/mongrel-1.1.5/lib/mongrel.rb:285:in `run'
    /Library/Ruby/Gems/1.8/gems/mongrel-1.1.5/lib/mongrel.rb:285:in `initialize'
    /Library/Ruby/Gems/1.8/gems/mongrel-1.1.5/lib/mongrel.rb:285:in `new'
    /Library/Ruby/Gems/1.8/gems/mongrel-1.1.5/lib/mongrel.rb:285:in `run'
    /Library/Ruby/Gems/1.8/gems/mongrel-1.1.5/lib/mongrel.rb:268:in `initialize'
    /Library/Ruby/Gems/1.8/gems/mongrel-1.1.5/lib/mongrel.rb:268:in `new'
    /Library/Ruby/Gems/1.8/gems/mongrel-1.1.5/lib/mongrel.rb:268:in `run'
    /Users/elfxf/.gem/ruby/1.8/gems/actionpack-2.3.2/lib/action_controller/vendor/rack-1.0/rack/handler/mongrel.rb:34:in `run'
    /Users/elfxf/.gem/ruby/1.8/gems/rails-2.3.2/lib/commands/server.rb:111
    /Library/Ruby/Site/1.8/rubygems/custom_require.rb:31:in `gem_original_require'
    /Library/Ruby/Site/1.8/rubygems/custom_require.rb:31:in `require'
    script/server:3
/!\ FAILSAFE /!\  Thu Apr 16 16:22:04 +0200 2009
  Status: 500 Internal Server Error
  Unknown database 'mailer_development'
    /Users/elfxf/.gem/ruby/1.8/gems/activerecord-2.3.2/lib/active_record/connection_adapters/mysql_adapter.rb:576:in `real_connect'
    /Users/elfxf/.gem/ruby/1.8/gems/activerecord-2.3.2/lib/active_record/connection_adapters/mysql_adapter.rb:576:in `connect'
    /Users/elfxf/.gem/ruby/1.8/gems/activerecord-2.3.2/lib/active_record/connection_adapters/mysql_adapter.rb:204:in `initialize'
    /Users/elfxf/.gem/ruby/1.8/gems/activerecord-2.3.2/lib/active_record/connection_adapters/mysql_adapter.rb:76:in `new'
    /Users/elfxf/.gem/ruby/1.8/gems/activerecord-2.3.2/lib/active_record/connection_adapters/mysql_adapter.rb:76:in `mysql_connection'
    /Users/elfxf/.gem/ruby/1.8/gems/activerecord-2.3.2/lib/active_record/connection_adapters/abstract/connection_pool.rb:223:in `send'
    /Users/elfxf/.gem/ruby/1.8/gems/activerecord-2.3.2/lib/active_record/connection_adapters/abstract/connection_pool.rb:223:in `new_connection'
    /Users/elfxf/.gem/ruby/1.8/gems/activerecord-2.3.2/lib/active_record/connection_adapters/abstract/connection_pool.rb:245:in `checkout_new_connection'
    /Users/elfxf/.gem/ruby/1.8/gems/activerecord-2.3.2/lib/active_record/connection_adapters/abstract/connection_pool.rb:188:in `checkout'
    /Users/elfxf/.gem/ruby/1.8/gems/activerecord-2.3.2/lib/active_record/connection_adapters/abstract/connection_pool.rb:184:in `loop'
    /Users/elfxf/.gem/ruby/1.8/gems/activerecord-2.3.2/lib/active_record/connection_adapters/abstract/connection_pool.rb:184:in `checkout'
    /System/Library/Frameworks/Ruby.framework/Versions/1.8/usr/lib/ruby/1.8/monitor.rb:242:in `synchronize'
    /Users/elfxf/.gem/ruby/1.8/gems/activerecord-2.3.2/lib/active_record/connection_adapters/abstract/connection_pool.rb:183:in `checkout'
    /Users/elfxf/.gem/ruby/1.8/gems/activerecord-2.3.2/lib/active_record/connection_adapters/abstract/connection_pool.rb:98:in `connection'
    /Users/elfxf/.gem/ruby/1.8/gems/activerecord-2.3.2/lib/active_record/connection_adapters/abstract/connection_pool.rb:326:in `retrieve_connection'
    /Users/elfxf/.gem/ruby/1.8/gems/activerecord-2.3.2/lib/active_record/connection_adapters/abstract/connection_specification.rb:123:in `retrieve_connection'
    /Users/elfxf/.gem/ruby/1.8/gems/activerecord-2.3.2/lib/active_record/connection_adapters/abstract/connection_specification.rb:115:in `connection'
    /Users/elfxf/.gem/ruby/1.8/gems/activerecord-2.3.2/lib/active_record/query_cache.rb:9:in `cache'
    /Users/elfxf/.gem/ruby/1.8/gems/activerecord-2.3.2/lib/active_record/query_cache.rb:28:in `call'
    /Users/elfxf/.gem/ruby/1.8/gems/activerecord-2.3.2/lib/active_record/connection_adapters/abstract/connection_pool.rb:361:in `call'
    /Users/elfxf/.gem/ruby/1.8/gems/actionpack-2.3.2/lib/action_controller/vendor/rack-1.0/rack/head.rb:9:in `call'
    /Users/elfxf/.gem/ruby/1.8/gems/actionpack-2.3.2/lib/action_controller/vendor/rack-1.0/rack/methodoverride.rb:24:in `call'
    /Users/elfxf/.gem/ruby/1.8/gems/actionpack-2.3.2/lib/action_controller/params_parser.rb:15:in `call'
    /Users/elfxf/.gem/ruby/1.8/gems/actionpack-2.3.2/lib/action_controller/rewindable_input.rb:25:in `call'
    /Users/elfxf/.gem/ruby/1.8/gems/actionpack-2.3.2/lib/action_controller/session/cookie_store.rb:93:in `call'
    /Users/elfxf/.gem/ruby/1.8/gems/actionpack-2.3.2/lib/action_controller/reloader.rb:9:in `call'
    /Users/elfxf/.gem/ruby/1.8/gems/actionpack-2.3.2/lib/action_controller/failsafe.rb:11:in `call'
    /Users/elfxf/.gem/ruby/1.8/gems/actionpack-2.3.2/lib/action_controller/vendor/rack-1.0/rack/lock.rb:11:in `call'
    /Users/elfxf/.gem/ruby/1.8/gems/actionpack-2.3.2/lib/action_controller/vendor/rack-1.0/rack/lock.rb:11:in `synchronize'
    /Users/elfxf/.gem/ruby/1.8/gems/actionpack-2.3.2/lib/action_controller/vendor/rack-1.0/rack/lock.rb:11:in `call'
    /Users/elfxf/.gem/ruby/1.8/gems/actionpack-2.3.2/lib/action_controller/dispatcher.rb:106:in `call'
    /Users/elfxf/.gem/ruby/1.8/gems/rails-2.3.2/lib/rails/rack/static.rb:31:in `call'
    /Users/elfxf/.gem/ruby/1.8/gems/actionpack-2.3.2/lib/action_controller/vendor/rack-1.0/rack/urlmap.rb:46:in `call'
    /Users/elfxf/.gem/ruby/1.8/gems/actionpack-2.3.2/lib/action_controller/vendor/rack-1.0/rack/urlmap.rb:40:in `each'
    /Users/elfxf/.gem/ruby/1.8/gems/actionpack-2.3.2/lib/action_controller/vendor/rack-1.0/rack/urlmap.rb:40:in `call'
    /Users/elfxf/.gem/ruby/1.8/gems/rails-2.3.2/lib/rails/rack/log_tailer.rb:17:in `call'
    /Users/elfxf/.gem/ruby/1.8/gems/actionpack-2.3.2/lib/action_controller/vendor/rack-1.0/rack/content_length.rb:13:in `call'
    /Users/elfxf/.gem/ruby/1.8/gems/actionpack-2.3.2/lib/action_controller/vendor/rack-1.0/rack/chunked.rb:15:in `call'
    /Users/elfxf/.gem/ruby/1.8/gems/actionpack-2.3.2/lib/action_controller/vendor/rack-1.0/rack/handler/mongrel.rb:61:in `process'
    /Library/Ruby/Gems/1.8/gems/mongrel-1.1.5/lib/mongrel.rb:159:in `process_client'
    /Library/Ruby/Gems/1.8/gems/mongrel-1.1.5/lib/mongrel.rb:158:in `each'
    /Library/Ruby/Gems/1.8/gems/mongrel-1.1.5/lib/mongrel.rb:158:in `process_client'
    /Library/Ruby/Gems/1.8/gems/mongrel-1.1.5/lib/mongrel.rb:285:in `run'
    /Library/Ruby/Gems/1.8/gems/mongrel-1.1.5/lib/mongrel.rb:285:in `initialize'
    /Library/Ruby/Gems/1.8/gems/mongrel-1.1.5/lib/mongrel.rb:285:in `new'
    /Library/Ruby/Gems/1.8/gems/mongrel-1.1.5/lib/mongrel.rb:285:in `run'
    /Library/Ruby/Gems/1.8/gems/mongrel-1.1.5/lib/mongrel.rb:268:in `initialize'
    /Library/Ruby/Gems/1.8/gems/mongrel-1.1.5/lib/mongrel.rb:268:in `new'
    /Library/Ruby/Gems/1.8/gems/mongrel-1.1.5/lib/mongrel.rb:268:in `run'
    /Users/elfxf/.gem/ruby/1.8/gems/actionpack-2.3.2/lib/action_controller/vendor/rack-1.0/rack/handler/mongrel.rb:34:in `run'
    /Users/elfxf/.gem/ruby/1.8/gems/rails-2.3.2/lib/commands/server.rb:111
    /Library/Ruby/Site/1.8/rubygems/custom_require.rb:31:in `gem_original_require'
    /Library/Ruby/Site/1.8/rubygems/custom_require.rb:31:in `require'
    script/server:3
/!\ FAILSAFE /!\  Thu Apr 16 16:22:05 +0200 2009
  Status: 500 Internal Server Error
  Unknown database 'mailer_development'
    /Users/elfxf/.gem/ruby/1.8/gems/activerecord-2.3.2/lib/active_record/connection_adapters/mysql_adapter.rb:576:in `real_connect'
    /Users/elfxf/.gem/ruby/1.8/gems/activerecord-2.3.2/lib/active_record/connection_adapters/mysql_adapter.rb:576:in `connect'
    /Users/elfxf/.gem/ruby/1.8/gems/activerecord-2.3.2/lib/active_record/connection_adapters/mysql_adapter.rb:204:in `initialize'
    /Users/elfxf/.gem/ruby/1.8/gems/activerecord-2.3.2/lib/active_record/connection_adapters/mysql_adapter.rb:76:in `new'
    /Users/elfxf/.gem/ruby/1.8/gems/activerecord-2.3.2/lib/active_record/connection_adapters/mysql_adapter.rb:76:in `mysql_connection'
    /Users/elfxf/.gem/ruby/1.8/gems/activerecord-2.3.2/lib/active_record/connection_adapters/abstract/connection_pool.rb:223:in `send'
    /Users/elfxf/.gem/ruby/1.8/gems/activerecord-2.3.2/lib/active_record/connection_adapters/abstract/connection_pool.rb:223:in `new_connection'
    /Users/elfxf/.gem/ruby/1.8/gems/activerecord-2.3.2/lib/active_record/connection_adapters/abstract/connection_pool.rb:245:in `checkout_new_connection'
    /Users/elfxf/.gem/ruby/1.8/gems/activerecord-2.3.2/lib/active_record/connection_adapters/abstract/connection_pool.rb:188:in `checkout'
    /Users/elfxf/.gem/ruby/1.8/gems/activerecord-2.3.2/lib/active_record/connection_adapters/abstract/connection_pool.rb:184:in `loop'
    /Users/elfxf/.gem/ruby/1.8/gems/activerecord-2.3.2/lib/active_record/connection_adapters/abstract/connection_pool.rb:184:in `checkout'
    /System/Library/Frameworks/Ruby.framework/Versions/1.8/usr/lib/ruby/1.8/monitor.rb:242:in `synchronize'
    /Users/elfxf/.gem/ruby/1.8/gems/activerecord-2.3.2/lib/active_record/connection_adapters/abstract/connection_pool.rb:183:in `checkout'
    /Users/elfxf/.gem/ruby/1.8/gems/activerecord-2.3.2/lib/active_record/connection_adapters/abstract/connection_pool.rb:98:in `connection'
    /Users/elfxf/.gem/ruby/1.8/gems/activerecord-2.3.2/lib/active_record/connection_adapters/abstract/connection_pool.rb:326:in `retrieve_connection'
    /Users/elfxf/.gem/ruby/1.8/gems/activerecord-2.3.2/lib/active_record/connection_adapters/abstract/connection_specification.rb:123:in `retrieve_connection'
    /Users/elfxf/.gem/ruby/1.8/gems/activerecord-2.3.2/lib/active_record/connection_adapters/abstract/connection_specification.rb:115:in `connection'
    /Users/elfxf/.gem/ruby/1.8/gems/activerecord-2.3.2/lib/active_record/query_cache.rb:9:in `cache'
    /Users/elfxf/.gem/ruby/1.8/gems/activerecord-2.3.2/lib/active_record/query_cache.rb:28:in `call'
    /Users/elfxf/.gem/ruby/1.8/gems/activerecord-2.3.2/lib/active_record/connection_adapters/abstract/connection_pool.rb:361:in `call'
    /Users/elfxf/.gem/ruby/1.8/gems/actionpack-2.3.2/lib/action_controller/vendor/rack-1.0/rack/head.rb:9:in `call'
    /Users/elfxf/.gem/ruby/1.8/gems/actionpack-2.3.2/lib/action_controller/vendor/rack-1.0/rack/methodoverride.rb:24:in `call'
    /Users/elfxf/.gem/ruby/1.8/gems/actionpack-2.3.2/lib/action_controller/params_parser.rb:15:in `call'
    /Users/elfxf/.gem/ruby/1.8/gems/actionpack-2.3.2/lib/action_controller/rewindable_input.rb:25:in `call'
    /Users/elfxf/.gem/ruby/1.8/gems/actionpack-2.3.2/lib/action_controller/session/cookie_store.rb:93:in `call'
    /Users/elfxf/.gem/ruby/1.8/gems/actionpack-2.3.2/lib/action_controller/reloader.rb:9:in `call'
    /Users/elfxf/.gem/ruby/1.8/gems/actionpack-2.3.2/lib/action_controller/failsafe.rb:11:in `call'
    /Users/elfxf/.gem/ruby/1.8/gems/actionpack-2.3.2/lib/action_controller/vendor/rack-1.0/rack/lock.rb:11:in `call'
    /Users/elfxf/.gem/ruby/1.8/gems/actionpack-2.3.2/lib/action_controller/vendor/rack-1.0/rack/lock.rb:11:in `synchronize'
    /Users/elfxf/.gem/ruby/1.8/gems/actionpack-2.3.2/lib/action_controller/vendor/rack-1.0/rack/lock.rb:11:in `call'
    /Users/elfxf/.gem/ruby/1.8/gems/actionpack-2.3.2/lib/action_controller/dispatcher.rb:106:in `call'
    /Users/elfxf/.gem/ruby/1.8/gems/rails-2.3.2/lib/rails/rack/static.rb:31:in `call'
    /Users/elfxf/.gem/ruby/1.8/gems/actionpack-2.3.2/lib/action_controller/vendor/rack-1.0/rack/urlmap.rb:46:in `call'
    /Users/elfxf/.gem/ruby/1.8/gems/actionpack-2.3.2/lib/action_controller/vendor/rack-1.0/rack/urlmap.rb:40:in `each'
    /Users/elfxf/.gem/ruby/1.8/gems/actionpack-2.3.2/lib/action_controller/vendor/rack-1.0/rack/urlmap.rb:40:in `call'
    /Users/elfxf/.gem/ruby/1.8/gems/rails-2.3.2/lib/rails/rack/log_tailer.rb:17:in `call'
    /Users/elfxf/.gem/ruby/1.8/gems/actionpack-2.3.2/lib/action_controller/vendor/rack-1.0/rack/content_length.rb:13:in `call'
    /Users/elfxf/.gem/ruby/1.8/gems/actionpack-2.3.2/lib/action_controller/vendor/rack-1.0/rack/chunked.rb:15:in `call'
    /Users/elfxf/.gem/ruby/1.8/gems/actionpack-2.3.2/lib/action_controller/vendor/rack-1.0/rack/handler/mongrel.rb:61:in `process'
    /Library/Ruby/Gems/1.8/gems/mongrel-1.1.5/lib/mongrel.rb:159:in `process_client'
    /Library/Ruby/Gems/1.8/gems/mongrel-1.1.5/lib/mongrel.rb:158:in `each'
    /Library/Ruby/Gems/1.8/gems/mongrel-1.1.5/lib/mongrel.rb:158:in `process_client'
    /Library/Ruby/Gems/1.8/gems/mongrel-1.1.5/lib/mongrel.rb:285:in `run'
    /Library/Ruby/Gems/1.8/gems/mongrel-1.1.5/lib/mongrel.rb:285:in `initialize'
    /Library/Ruby/Gems/1.8/gems/mongrel-1.1.5/lib/mongrel.rb:285:in `new'
    /Library/Ruby/Gems/1.8/gems/mongrel-1.1.5/lib/mongrel.rb:285:in `run'
    /Library/Ruby/Gems/1.8/gems/mongrel-1.1.5/lib/mongrel.rb:268:in `initialize'
    /Library/Ruby/Gems/1.8/gems/mongrel-1.1.5/lib/mongrel.rb:268:in `new'
    /Library/Ruby/Gems/1.8/gems/mongrel-1.1.5/lib/mongrel.rb:268:in `run'
    /Users/elfxf/.gem/ruby/1.8/gems/actionpack-2.3.2/lib/action_controller/vendor/rack-1.0/rack/handler/mongrel.rb:34:in `run'
    /Users/elfxf/.gem/ruby/1.8/gems/rails-2.3.2/lib/commands/server.rb:111
    /Library/Ruby/Site/1.8/rubygems/custom_require.rb:31:in `gem_original_require'
    /Library/Ruby/Site/1.8/rubygems/custom_require.rb:31:in `require'
    script/server:3
/!\ FAILSAFE /!\  Thu Apr 16 16:22:06 +0200 2009
  Status: 500 Internal Server Error
  Unknown database 'mailer_development'
    /Users/elfxf/.gem/ruby/1.8/gems/activerecord-2.3.2/lib/active_record/connection_adapters/mysql_adapter.rb:576:in `real_connect'
    /Users/elfxf/.gem/ruby/1.8/gems/activerecord-2.3.2/lib/active_record/connection_adapters/mysql_adapter.rb:576:in `connect'
    /Users/elfxf/.gem/ruby/1.8/gems/activerecord-2.3.2/lib/active_record/connection_adapters/mysql_adapter.rb:204:in `initialize'
    /Users/elfxf/.gem/ruby/1.8/gems/activerecord-2.3.2/lib/active_record/connection_adapters/mysql_adapter.rb:76:in `new'
    /Users/elfxf/.gem/ruby/1.8/gems/activerecord-2.3.2/lib/active_record/connection_adapters/mysql_adapter.rb:76:in `mysql_connection'
    /Users/elfxf/.gem/ruby/1.8/gems/activerecord-2.3.2/lib/active_record/connection_adapters/abstract/connection_pool.rb:223:in `send'
    /Users/elfxf/.gem/ruby/1.8/gems/activerecord-2.3.2/lib/active_record/connection_adapters/abstract/connection_pool.rb:223:in `new_connection'
    /Users/elfxf/.gem/ruby/1.8/gems/activerecord-2.3.2/lib/active_record/connection_adapters/abstract/connection_pool.rb:245:in `checkout_new_connection'
    /Users/elfxf/.gem/ruby/1.8/gems/activerecord-2.3.2/lib/active_record/connection_adapters/abstract/connection_pool.rb:188:in `checkout'
    /Users/elfxf/.gem/ruby/1.8/gems/activerecord-2.3.2/lib/active_record/connection_adapters/abstract/connection_pool.rb:184:in `loop'
    /Users/elfxf/.gem/ruby/1.8/gems/activerecord-2.3.2/lib/active_record/connection_adapters/abstract/connection_pool.rb:184:in `checkout'
    /System/Library/Frameworks/Ruby.framework/Versions/1.8/usr/lib/ruby/1.8/monitor.rb:242:in `synchronize'
    /Users/elfxf/.gem/ruby/1.8/gems/activerecord-2.3.2/lib/active_record/connection_adapters/abstract/connection_pool.rb:183:in `checkout'
    /Users/elfxf/.gem/ruby/1.8/gems/activerecord-2.3.2/lib/active_record/connection_adapters/abstract/connection_pool.rb:98:in `connection'
    /Users/elfxf/.gem/ruby/1.8/gems/activerecord-2.3.2/lib/active_record/connection_adapters/abstract/connection_pool.rb:326:in `retrieve_connection'
    /Users/elfxf/.gem/ruby/1.8/gems/activerecord-2.3.2/lib/active_record/connection_adapters/abstract/connection_specification.rb:123:in `retrieve_connection'
    /Users/elfxf/.gem/ruby/1.8/gems/activerecord-2.3.2/lib/active_record/connection_adapters/abstract/connection_specification.rb:115:in `connection'
    /Users/elfxf/.gem/ruby/1.8/gems/activerecord-2.3.2/lib/active_record/query_cache.rb:9:in `cache'
    /Users/elfxf/.gem/ruby/1.8/gems/activerecord-2.3.2/lib/active_record/query_cache.rb:28:in `call'
    /Users/elfxf/.gem/ruby/1.8/gems/activerecord-2.3.2/lib/active_record/connection_adapters/abstract/connection_pool.rb:361:in `call'
    /Users/elfxf/.gem/ruby/1.8/gems/actionpack-2.3.2/lib/action_controller/vendor/rack-1.0/rack/head.rb:9:in `call'
    /Users/elfxf/.gem/ruby/1.8/gems/actionpack-2.3.2/lib/action_controller/vendor/rack-1.0/rack/methodoverride.rb:24:in `call'
    /Users/elfxf/.gem/ruby/1.8/gems/actionpack-2.3.2/lib/action_controller/params_parser.rb:15:in `call'
    /Users/elfxf/.gem/ruby/1.8/gems/actionpack-2.3.2/lib/action_controller/rewindable_input.rb:25:in `call'
    /Users/elfxf/.gem/ruby/1.8/gems/actionpack-2.3.2/lib/action_controller/session/cookie_store.rb:93:in `call'
    /Users/elfxf/.gem/ruby/1.8/gems/actionpack-2.3.2/lib/action_controller/reloader.rb:9:in `call'
    /Users/elfxf/.gem/ruby/1.8/gems/actionpack-2.3.2/lib/action_controller/failsafe.rb:11:in `call'
    /Users/elfxf/.gem/ruby/1.8/gems/actionpack-2.3.2/lib/action_controller/vendor/rack-1.0/rack/lock.rb:11:in `call'
    /Users/elfxf/.gem/ruby/1.8/gems/actionpack-2.3.2/lib/action_controller/vendor/rack-1.0/rack/lock.rb:11:in `synchronize'
    /Users/elfxf/.gem/ruby/1.8/gems/actionpack-2.3.2/lib/action_controller/vendor/rack-1.0/rack/lock.rb:11:in `call'
    /Users/elfxf/.gem/ruby/1.8/gems/actionpack-2.3.2/lib/action_controller/dispatcher.rb:106:in `call'
    /Users/elfxf/.gem/ruby/1.8/gems/rails-2.3.2/lib/rails/rack/static.rb:31:in `call'
    /Users/elfxf/.gem/ruby/1.8/gems/actionpack-2.3.2/lib/action_controller/vendor/rack-1.0/rack/urlmap.rb:46:in `call'
    /Users/elfxf/.gem/ruby/1.8/gems/actionpack-2.3.2/lib/action_controller/vendor/rack-1.0/rack/urlmap.rb:40:in `each'
    /Users/elfxf/.gem/ruby/1.8/gems/actionpack-2.3.2/lib/action_controller/vendor/rack-1.0/rack/urlmap.rb:40:in `call'
    /Users/elfxf/.gem/ruby/1.8/gems/rails-2.3.2/lib/rails/rack/log_tailer.rb:17:in `call'
    /Users/elfxf/.gem/ruby/1.8/gems/actionpack-2.3.2/lib/action_controller/vendor/rack-1.0/rack/content_length.rb:13:in `call'
    /Users/elfxf/.gem/ruby/1.8/gems/actionpack-2.3.2/lib/action_controller/vendor/rack-1.0/rack/chunked.rb:15:in `call'
    /Users/elfxf/.gem/ruby/1.8/gems/actionpack-2.3.2/lib/action_controller/vendor/rack-1.0/rack/handler/mongrel.rb:61:in `process'
    /Library/Ruby/Gems/1.8/gems/mongrel-1.1.5/lib/mongrel.rb:159:in `process_client'
    /Library/Ruby/Gems/1.8/gems/mongrel-1.1.5/lib/mongrel.rb:158:in `each'
    /Library/Ruby/Gems/1.8/gems/mongrel-1.1.5/lib/mongrel.rb:158:in `process_client'
    /Library/Ruby/Gems/1.8/gems/mongrel-1.1.5/lib/mongrel.rb:285:in `run'
    /Library/Ruby/Gems/1.8/gems/mongrel-1.1.5/lib/mongrel.rb:285:in `initialize'
    /Library/Ruby/Gems/1.8/gems/mongrel-1.1.5/lib/mongrel.rb:285:in `new'
    /Library/Ruby/Gems/1.8/gems/mongrel-1.1.5/lib/mongrel.rb:285:in `run'
    /Library/Ruby/Gems/1.8/gems/mongrel-1.1.5/lib/mongrel.rb:268:in `initialize'
    /Library/Ruby/Gems/1.8/gems/mongrel-1.1.5/lib/mongrel.rb:268:in `new'
    /Library/Ruby/Gems/1.8/gems/mongrel-1.1.5/lib/mongrel.rb:268:in `run'
    /Users/elfxf/.gem/ruby/1.8/gems/actionpack-2.3.2/lib/action_controller/vendor/rack-1.0/rack/handler/mongrel.rb:34:in `run'
    /Users/elfxf/.gem/ruby/1.8/gems/rails-2.3.2/lib/commands/server.rb:111
    /Library/Ruby/Site/1.8/rubygems/custom_require.rb:31:in `gem_original_require'
    /Library/Ruby/Site/1.8/rubygems/custom_require.rb:31:in `require'
    script/server:3
/!\ FAILSAFE /!\  Thu Apr 16 16:22:13 +0200 2009
  Status: 500 Internal Server Error
  Unknown database 'mailer_development'
    /Users/elfxf/.gem/ruby/1.8/gems/activerecord-2.3.2/lib/active_record/connection_adapters/mysql_adapter.rb:576:in `real_connect'
    /Users/elfxf/.gem/ruby/1.8/gems/activerecord-2.3.2/lib/active_record/connection_adapters/mysql_adapter.rb:576:in `connect'
    /Users/elfxf/.gem/ruby/1.8/gems/activerecord-2.3.2/lib/active_record/connection_adapters/mysql_adapter.rb:204:in `initialize'
    /Users/elfxf/.gem/ruby/1.8/gems/activerecord-2.3.2/lib/active_record/connection_adapters/mysql_adapter.rb:76:in `new'
    /Users/elfxf/.gem/ruby/1.8/gems/activerecord-2.3.2/lib/active_record/connection_adapters/mysql_adapter.rb:76:in `mysql_connection'
    /Users/elfxf/.gem/ruby/1.8/gems/activerecord-2.3.2/lib/active_record/connection_adapters/abstract/connection_pool.rb:223:in `send'
    /Users/elfxf/.gem/ruby/1.8/gems/activerecord-2.3.2/lib/active_record/connection_adapters/abstract/connection_pool.rb:223:in `new_connection'
    /Users/elfxf/.gem/ruby/1.8/gems/activerecord-2.3.2/lib/active_record/connection_adapters/abstract/connection_pool.rb:245:in `checkout_new_connection'
    /Users/elfxf/.gem/ruby/1.8/gems/activerecord-2.3.2/lib/active_record/connection_adapters/abstract/connection_pool.rb:188:in `checkout'
    /Users/elfxf/.gem/ruby/1.8/gems/activerecord-2.3.2/lib/active_record/connection_adapters/abstract/connection_pool.rb:184:in `loop'
    /Users/elfxf/.gem/ruby/1.8/gems/activerecord-2.3.2/lib/active_record/connection_adapters/abstract/connection_pool.rb:184:in `checkout'
    /System/Library/Frameworks/Ruby.framework/Versions/1.8/usr/lib/ruby/1.8/monitor.rb:242:in `synchronize'
    /Users/elfxf/.gem/ruby/1.8/gems/activerecord-2.3.2/lib/active_record/connection_adapters/abstract/connection_pool.rb:183:in `checkout'
    /Users/elfxf/.gem/ruby/1.8/gems/activerecord-2.3.2/lib/active_record/connection_adapters/abstract/connection_pool.rb:98:in `connection'
    /Users/elfxf/.gem/ruby/1.8/gems/activerecord-2.3.2/lib/active_record/connection_adapters/abstract/connection_pool.rb:326:in `retrieve_connection'
    /Users/elfxf/.gem/ruby/1.8/gems/activerecord-2.3.2/lib/active_record/connection_adapters/abstract/connection_specification.rb:123:in `retrieve_connection'
    /Users/elfxf/.gem/ruby/1.8/gems/activerecord-2.3.2/lib/active_record/connection_adapters/abstract/connection_specification.rb:115:in `connection'
    /Users/elfxf/.gem/ruby/1.8/gems/activerecord-2.3.2/lib/active_record/query_cache.rb:9:in `cache'
    /Users/elfxf/.gem/ruby/1.8/gems/activerecord-2.3.2/lib/active_record/query_cache.rb:28:in `call'
    /Users/elfxf/.gem/ruby/1.8/gems/activerecord-2.3.2/lib/active_record/connection_adapters/abstract/connection_pool.rb:361:in `call'
    /Users/elfxf/.gem/ruby/1.8/gems/actionpack-2.3.2/lib/action_controller/vendor/rack-1.0/rack/head.rb:9:in `call'
    /Users/elfxf/.gem/ruby/1.8/gems/actionpack-2.3.2/lib/action_controller/vendor/rack-1.0/rack/methodoverride.rb:24:in `call'
    /Users/elfxf/.gem/ruby/1.8/gems/actionpack-2.3.2/lib/action_controller/params_parser.rb:15:in `call'
    /Users/elfxf/.gem/ruby/1.8/gems/actionpack-2.3.2/lib/action_controller/rewindable_input.rb:25:in `call'
    /Users/elfxf/.gem/ruby/1.8/gems/actionpack-2.3.2/lib/action_controller/session/cookie_store.rb:93:in `call'
    /Users/elfxf/.gem/ruby/1.8/gems/actionpack-2.3.2/lib/action_controller/reloader.rb:9:in `call'
    /Users/elfxf/.gem/ruby/1.8/gems/actionpack-2.3.2/lib/action_controller/failsafe.rb:11:in `call'
    /Users/elfxf/.gem/ruby/1.8/gems/actionpack-2.3.2/lib/action_controller/vendor/rack-1.0/rack/lock.rb:11:in `call'
    /Users/elfxf/.gem/ruby/1.8/gems/actionpack-2.3.2/lib/action_controller/vendor/rack-1.0/rack/lock.rb:11:in `synchronize'
    /Users/elfxf/.gem/ruby/1.8/gems/actionpack-2.3.2/lib/action_controller/vendor/rack-1.0/rack/lock.rb:11:in `call'
    /Users/elfxf/.gem/ruby/1.8/gems/actionpack-2.3.2/lib/action_controller/dispatcher.rb:106:in `call'
    /Users/elfxf/.gem/ruby/1.8/gems/rails-2.3.2/lib/rails/rack/static.rb:31:in `call'
    /Users/elfxf/.gem/ruby/1.8/gems/actionpack-2.3.2/lib/action_controller/vendor/rack-1.0/rack/urlmap.rb:46:in `call'
    /Users/elfxf/.gem/ruby/1.8/gems/actionpack-2.3.2/lib/action_controller/vendor/rack-1.0/rack/urlmap.rb:40:in `each'
    /Users/elfxf/.gem/ruby/1.8/gems/actionpack-2.3.2/lib/action_controller/vendor/rack-1.0/rack/urlmap.rb:40:in `call'
    /Users/elfxf/.gem/ruby/1.8/gems/rails-2.3.2/lib/rails/rack/log_tailer.rb:17:in `call'
    /Users/elfxf/.gem/ruby/1.8/gems/actionpack-2.3.2/lib/action_controller/vendor/rack-1.0/rack/content_length.rb:13:in `call'
    /Users/elfxf/.gem/ruby/1.8/gems/actionpack-2.3.2/lib/action_controller/vendor/rack-1.0/rack/chunked.rb:15:in `call'
    /Users/elfxf/.gem/ruby/1.8/gems/actionpack-2.3.2/lib/action_controller/vendor/rack-1.0/rack/handler/mongrel.rb:61:in `process'
    /Library/Ruby/Gems/1.8/gems/mongrel-1.1.5/lib/mongrel.rb:159:in `process_client'
    /Library/Ruby/Gems/1.8/gems/mongrel-1.1.5/lib/mongrel.rb:158:in `each'
    /Library/Ruby/Gems/1.8/gems/mongrel-1.1.5/lib/mongrel.rb:158:in `process_client'
    /Library/Ruby/Gems/1.8/gems/mongrel-1.1.5/lib/mongrel.rb:285:in `run'
    /Library/Ruby/Gems/1.8/gems/mongrel-1.1.5/lib/mongrel.rb:285:in `initialize'
    /Library/Ruby/Gems/1.8/gems/mongrel-1.1.5/lib/mongrel.rb:285:in `new'
    /Library/Ruby/Gems/1.8/gems/mongrel-1.1.5/lib/mongrel.rb:285:in `run'
    /Library/Ruby/Gems/1.8/gems/mongrel-1.1.5/lib/mongrel.rb:268:in `initialize'
    /Library/Ruby/Gems/1.8/gems/mongrel-1.1.5/lib/mongrel.rb:268:in `new'
    /Library/Ruby/Gems/1.8/gems/mongrel-1.1.5/lib/mongrel.rb:268:in `run'
    /Users/elfxf/.gem/ruby/1.8/gems/actionpack-2.3.2/lib/action_controller/vendor/rack-1.0/rack/handler/mongrel.rb:34:in `run'
    /Users/elfxf/.gem/ruby/1.8/gems/rails-2.3.2/lib/commands/server.rb:111
    /Library/Ruby/Site/1.8/rubygems/custom_require.rb:31:in `gem_original_require'
    /Library/Ruby/Site/1.8/rubygems/custom_require.rb:31:in `require'
    script/server:3
  [4;36;1mSQL (0.2ms)[0m   [0;1mSET NAMES 'utf8'[0m
  [4;35;1mSQL (0.1ms)[0m   [0mSET SQL_AUTO_IS_NULL=0[0m
  [4;36;1mSQL (0.4ms)[0m   [0;1mSHOW TABLES[0m
  [4;35;1mSQL (26.5ms)[0m   [0mCREATE TABLE `schema_migrations` (`version` varchar(255) NOT NULL) ENGINE=InnoDB[0m
  [4;36;1mSQL (28.8ms)[0m   [0;1mCREATE UNIQUE INDEX `unique_schema_migrations` ON `schema_migrations` (`version`)[0m
  [4;35;1mSQL (0.3ms)[0m   [0mSHOW TABLES[0m
  [4;36;1mSQL (0.3ms)[0m   [0;1mSELECT version FROM schema_migrations[0m
Migrating to CreateUsers (20090416141715)
  [4;35;1mSQL (0.3ms)[0m   [0mSHOW TABLES[0m
  [4;36;1mSQL (28.7ms)[0m   [0;1mCREATE TABLE `users` (`id` int(11) DEFAULT NULL auto_increment PRIMARY KEY, `login` varchar(40), `name` varchar(100) DEFAULT '', `email` varchar(100), `crypted_password` varchar(40), `salt` varchar(40), `created_at` datetime, `updated_at` datetime, `remember_token` varchar(40), `remember_token_expires_at` datetime, `activation_code` varchar(40), `activated_at` datetime) ENGINE=InnoDB[0m
  [4;35;1mSQL (11.1ms)[0m   [0mCREATE UNIQUE INDEX `index_users_on_login` ON `users` (`login`)[0m
  [4;36;1mSQL (1.9ms)[0m   [0;1mINSERT INTO schema_migrations (version) VALUES ('20090416141715')[0m
  [4;35;1mSQL (0.4ms)[0m   [0mSHOW TABLES[0m
  [4;36;1mSQL (0.2ms)[0m   [0;1mSELECT version FROM schema_migrations[0m
  [4;35;1mSQL (0.2ms)[0m   [0mSHOW TABLES[0m
  [4;36;1mSQL (2.6ms)[0m   [0;1mSHOW FIELDS FROM `users`[0m
  [4;35;1mSQL (2.0ms)[0m   [0mdescribe `users`[0m
  [4;36;1mSQL (0.4ms)[0m   [0;1mSHOW KEYS FROM `users`[0m
  [4;36;1mSQL (0.2ms)[0m   [0;1mSET NAMES 'utf8'[0m
  [4;35;1mSQL (0.1ms)[0m   [0mSET SQL_AUTO_IS_NULL=0[0m


Processing HomeController#index (for 127.0.0.1 at 2009-04-16 16:22:38) [GET]
Rendering template within layouts/application
Rendering home/index

ActionView::TemplateError (undefined method `logged_in?' for #<ActionView::Base:0x2447b34>) on line #1 of app/views/users/_user_bar.html.erb:
1: <% if logged_in? -%>
2:   <div id="user-bar-greeting">Logged in as <%= link_to_current_user :content_method => :login %></div>
3:   <div id="user-bar-action"  >(<%= link_to "Log out", logout_path, { :title => "Log out" }    %>)</div>
4: <% else -%>

    app/views/users/_user_bar.html.erb:1
    app/views/layouts/application.html.erb:7

Rendered rescues/_trace (93.7ms)
Rendered rescues/_request_and_response (1.4ms)
Rendering rescues/layout (internal_server_error)
  [4;36;1mSQL (0.2ms)[0m   [0;1mSET NAMES 'utf8'[0m
  [4;35;1mSQL (0.1ms)[0m   [0mSET SQL_AUTO_IS_NULL=0[0m


Processing HomeController#index (for 127.0.0.1 at 2009-04-16 16:23:20) [GET]
Rendering template within layouts/application
Rendering home/index
  [4;36;1mUser Columns (4.3ms)[0m   [0;1mSHOW FIELDS FROM `users`[0m
  [4;35;1mUser Load (0.4ms)[0m   [0mSELECT * FROM `users` WHERE (`users`.`remember_token` = '') LIMIT 1[0m
Rendered users/_user_bar (57.6ms)
Completed in 70ms (View: 64, DB: 5) | 200 OK [http://localhost/]
  [4;36;1mSQL (0.1ms)[0m   [0;1mSET NAMES 'utf8'[0m
  [4;35;1mSQL (0.1ms)[0m   [0mSET SQL_AUTO_IS_NULL=0[0m


Processing SessionsController#new (for 127.0.0.1 at 2009-04-16 16:23:24) [GET]
Rendering template within layouts/application
Rendering sessions/new
  [4;36;1mUser Columns (3.1ms)[0m   [0;1mSHOW FIELDS FROM `users`[0m
  [4;35;1mUser Load (0.4ms)[0m   [0mSELECT * FROM `users` WHERE (`users`.`remember_token` = '') LIMIT 1[0m
Rendered users/_user_bar (10.8ms)
Completed in 68ms (View: 63, DB: 4) | 200 OK [http://localhost/login]
  [4;36;1mSQL (0.1ms)[0m   [0;1mSET NAMES 'utf8'[0m
  [4;35;1mSQL (0.1ms)[0m   [0mSET SQL_AUTO_IS_NULL=0[0m


Processing SessionsController#create (for 127.0.0.1 at 2009-04-16 16:23:26) [POST]
  Parameters: {"commit"=>"Log in", "authenticity_token"=>"yGv0G2njMoCmwTI/fRgNyZnRVKuvEpkeYle0vGGjmJc=", "login"=>"admin", "password"=>"qweasdzxc"}
  [4;36;1mUser Load (0.3ms)[0m   [0;1mSELECT * FROM `users` WHERE (login = 'admin' and activated_at IS NOT NULL) LIMIT 1[0m
Failed login for 'admin' from 127.0.0.1 at Thu Apr 16 14:23:26 UTC 2009
Rendering template within layouts/application
Rendering sessions/new
Rendered users/_user_bar (0.2ms)
Completed in 9ms (View: 2, DB: 1) | 200 OK [http://localhost/session]
  [4;35;1mSQL (0.2ms)[0m   [0mSET NAMES 'utf8'[0m
  [4;36;1mSQL (0.1ms)[0m   [0;1mSET SQL_AUTO_IS_NULL=0[0m


Processing UsersController#new (for 127.0.0.1 at 2009-04-16 16:23:28) [GET]
  [4;35;1mUser Columns (3.2ms)[0m   [0mSHOW FIELDS FROM `users`[0m
Rendering template within layouts/application
Rendering users/new
Rendered users/_user_bar (0.3ms)
Completed in 80ms (View: 69, DB: 3) | 200 OK [http://localhost/signup]
  [4;36;1mSQL (0.1ms)[0m   [0;1mSET NAMES 'utf8'[0m
  [4;35;1mSQL (0.1ms)[0m   [0mSET SQL_AUTO_IS_NULL=0[0m


Processing UsersController#create (for 127.0.0.1 at 2009-04-16 16:23:44) [POST]
  Parameters: {"user"=>{"password_confirmation"=>"qweasdzxc", "password"=>"qweasdzxc", "login"=>"admin", "email"=>"ognevsky@gmail.com"}, "commit"=>"Sign up", "authenticity_token"=>"yGv0G2njMoCmwTI/fRgNyZnRVKuvEpkeYle0vGGjmJc="}
  [4;36;1mUser Columns (3.4ms)[0m   [0;1mSHOW FIELDS FROM `users`[0m
  [4;35;1mSQL (0.1ms)[0m   [0mBEGIN[0m
  [4;36;1mUser Exists (0.4ms)[0m   [0;1mSELECT `users`.id FROM `users` WHERE (`users`.`login` = BINARY 'admin') LIMIT 1[0m
  [4;35;1mUser Exists (0.1ms)[0m   [0mSELECT `users`.id FROM `users` WHERE (`users`.`email` = BINARY 'ognevsky@gmail.com') LIMIT 1[0m
  [4;36;1mUser Create (0.3ms)[0m   [0;1mINSERT INTO `users` (`name`, `salt`, `updated_at`, `activated_at`, `crypted_password`, `remember_token_expires_at`, `activation_code`, `remember_token`, `login`, `email`, `created_at`) VALUES('', 'ee43a575bfcdc7e32888519bb6f8106e65f3789a', '2009-04-16 14:23:44', NULL, '347cdaf586f29470986c094b98c6716572f9894b', NULL, '243553ae94a9f4eac500325d18c98ed5a019ab87', NULL, 'admin', 'ognevsky@gmail.com', '2009-04-16 14:23:44')[0m
  [4;35;1mSQL (0.8ms)[0m   [0mCOMMIT[0m
Redirected to http://localhost:3000/
Completed in 29ms (DB: 5) | 302 Found [http://localhost/users]
  [4;36;1mSQL (0.1ms)[0m   [0;1mSET NAMES 'utf8'[0m
  [4;35;1mSQL (0.1ms)[0m   [0mSET SQL_AUTO_IS_NULL=0[0m


Processing HomeController#index (for 127.0.0.1 at 2009-04-16 16:23:44) [GET]
Rendering template within layouts/application
Rendering home/index
Rendered users/_user_bar (0.6ms)
Completed in 3ms (View: 2, DB: 0) | 200 OK [http://localhost/]
